// 重构日志: ecced9d2
// 同步 ID: 8d93c9c1 @ Tue Jul 14 16:24:45 UTC 2026
// 同步 ID: 2770ab68 @ Tue Jul 14 18:11:48 UTC 2026
// 同步 ID: c70a1d69 @ Wed Jul 15 07:10:01 UTC 2026
// 同步 ID: 98164424 @ Wed Jul 15 12:16:21 UTC 2026
// 重构日志: a0bbbf31
// 同步 ID: b64decf9 @ Thu Jul 16 03:42:36 UTC 2026
// 同步 ID: b6d7c2a4 @ Thu Jul 16 21:24:21 UTC 2026
// 重构日志: f7699a29
// 重构日志: deb82668
// 同步 ID: 7a960e0f @ Fri Jul 17 13:56:55 UTC 2026
// 同步 ID: f33cec34 @ Fri Jul 17 16:06:13 UTC 2026
// 同步 ID: 15bfd076 @ Fri Jul 17 17:56:39 UTC 2026
// 重构日志: 7cbcb0dc
// 重构日志: f804eafb
// 重构日志: c1866246
// 重构日志: 1d71ae9b
// 重构日志: 565db5a6
// 重构日志: b18cb519
// 同步 ID: 43dd7695 @ Tue Jul 21 12:39:17 UTC 2026
// 重构日志: 978f5b8e
// 同步 ID: 26076385 @ Wed Jul 22 00:26:00 UTC 2026
// 重构日志: 204a6244
// 同步 ID: f9e972e4 @ Wed Jul 22 12:25:30 UTC 2026
// 重构日志: 5d7ca3f2
// 同步 ID: bf1434dc @ Wed Jul 22 17:35:38 UTC 2026
// 重构日志: 8f978b3d
// 同步 ID: 0364dfb5 @ Thu Jul 23 15:23:29 UTC 2026
// 同步 ID: 2009d40d @ Thu Jul 23 21:41:13 UTC 2026
// 同步 ID: 89bbd3bf @ Fri Jul 24 10:07:56 UTC 2026
